<?xml version="1.0" encoding="UTF-8" ?>
<testsuite tests="3" failures="0" name="io.github.mariazevedo88.goldgem.test.dao.AuthorDAOTest" time="5.541" errors="0" skipped="0">
  <properties>
[...]
</properties>
  <testcase classname="io.github.mariazevedo88.goldgem.test.dao.AuthorDAOTest" name="addAuthorUsingHibernate" time="4.996"/>
  <testcase classname="io.github.mariazevedo88.goldgem.test.dao.AuthorDAOTest" name="getAuthorUsingHibernate" time="0.249"/>
  <testcase classname="io.github.mariazevedo88.goldgem.test.dao.AuthorDAOTest" name="addAuthorUsingJDBC" time="0.296"/>
</testsuite>