<?xml version="1.0" encoding="UTF-8"?>
<testsuite xmlns:xsi="http://www.w3.org/2001/XMLSchema-instance" xsi:noNamespaceSchemaLocation="https://maven.apache.org/surefire/maven-surefire-plugin/xsd/surefire-test-report.xsd" name="io.github.mariazevedo88.goldgem.test.dao.AuthorDAOTest" time="17.142" tests="5" errors="0" skipped="0" failures="0">
  <properties>
[...]
</properties>
  <testcase name="addAuthorUsingHibernate" classname="io.github.mariazevedo88.goldgem.test.dao.AuthorDAOTest" time="0.505"/>
  <testcase name="getAuthorUsingHibernate" classname="io.github.mariazevedo88.goldgem.test.dao.AuthorDAOTest" time="0.006"/>
  <testcase name="deleteAuthorUsingHibernate" classname="io.github.mariazevedo88.goldgem.test.dao.AuthorDAOTest" time="0.126"/>
  <testcase name="addAuthorUsingJDBC" classname="io.github.mariazevedo88.goldgem.test.dao.AuthorDAOTest" time="0.048"/>
  <testcase name="deleteAuthorUsingJDBC" classname="io.github.mariazevedo88.goldgem.test.dao.AuthorDAOTest" time="0.001"/>
</testsuite>